# JRE version: Java(TM) SE Runtime Environment (8.0_101-b13) (build 1.8.0_101-b13)
# Java VM: Java HotSpot(TM) 64-Bit Server VM (25.101-b13 mixed mode linux-amd64 compressed oops)
Heap:
 PSYoungGen      total 280064K, used 71427K [0x00000000ebf80000, 0x0000000100000000, 0x0000000100000000)
  eden space 252416K, 20% used [0x00000000ebf80000,0x00000000ef296290,0x00000000fb600000)
  from space 27648K, 69% used [0x00000000fb600000,0x00000000fc8aaaa0,0x00000000fd100000)
  to   space 29184K, 0% used [0x00000000fe380000,0x00000000fe380000,0x0000000100000000)
 ParOldGen       total 87552K, used 35477K [0x00000000c3e00000, 0x00000000c9380000, 0x00000000ebf80000)
  object space 87552K, 40% used [0x00000000c3e00000,0x00000000c60a5618,0x00000000c9380000)
 Metaspace       used 67119K, capacity 67914K, committed 68348K, reserved 1107968K
  class space    used 8700K, capacity 8897K, committed 8956K, reserved 1048576K
GC Heap History (10 events):
Event: 17.509 GC heap before
{Heap before GC invocations=16 (full 2):
 PSYoungGen      total 201728K, used 11748K [0x00000000ebf80000, 0x00000000fad00000, 0x0000000100000000)
  eden space 189952K, 0% used [0x00000000ebf80000,0x00000000ebf80000,0x00000000f7900000)
  from space 11776K, 99% used [0x00000000f8d00000,0x00000000f9879088,0x00000000f9880000)
  to   space 20480K, 0% used [0x00000000f7900000,0x00000000f7900000,0x00000000f8d00000)
 ParOldGen       total 42496K, used 42492K [0x00000000c3e00000, 0x00000000c6780000, 0x00000000ebf80000)
  object space 42496K, 99% used [0x00000000c3e00000,0x00000000c677f318,0x00000000c6780000)
 Metaspace       used 31972K, capacity 32286K, committed 32560K, reserved 1077248K
  class space    used 3942K, capacity 4052K, committed 4144K, reserved 1048576K
Event: 17.769 GC heap after
Heap after GC invocations=16 (full 2):
 PSYoungGen      total 201728K, used 7146K [0x00000000ebf80000, 0x00000000fad00000, 0x0000000100000000)
  eden space 189952K, 0% used [0x00000000ebf80000,0x00000000ebf80000,0x00000000f7900000)
  from space 11776K, 60% used [0x00000000f8d00000,0x00000000f93fa938,0x00000000f9880000)
  to   space 20480K, 0% used [0x00000000f7900000,0x00000000f7900000,0x00000000f8d00000)
 ParOldGen       total 83968K, used 42485K [0x00000000c3e00000, 0x00000000c9000000, 0x00000000ebf80000)
  object space 83968K, 50% used [0x00000000c3e00000,0x00000000c677d4b8,0x00000000c9000000)
 Metaspace       used 31972K, capacity 32286K, committed 32560K, reserved 1077248K
  class space    used 3942K, capacity 4052K, committed 4144K, reserved 1048576K
}
Event: 20.014 GC heap before
{Heap before GC invocations=17 (full 2):
 PSYoungGen      total 201728K, used 197098K [0x00000000ebf80000, 0x00000000fad00000, 0x0000000100000000)
  eden space 189952K, 100% used [0x00000000ebf80000,0x00000000f7900000,0x00000000f7900000)
  from space 11776K, 60% used [0x00000000f8d00000,0x00000000f93fa938,0x00000000f9880000)
  to   space 20480K, 0% used [0x00000000f7900000,0x00000000f7900000,0x00000000f8d00000)
 ParOldGen       total 83968K, used 42485K [0x00000000c3e00000, 0x00000000c9000000, 0x00000000ebf80000)
  object space 83968K, 50% used [0x00000000c3e00000,0x00000000c677d4b8,0x00000000c9000000)
 Metaspace       used 40737K, capacity 41072K, committed 41520K, reserved 1085440K
  class space    used 5219K, capacity 5335K, committed 5424K, reserved 1048576K
Event: 20.067 GC heap after
Heap after GC invocations=17 (full 2):
 PSYoungGen      total 210432K, used 20475K [0x00000000ebf80000, 0x00000000fec00000, 0x0000000100000000)
  eden space 189952K, 0% used [0x00000000ebf80000,0x00000000ebf80000,0x00000000f7900000)
  from space 20480K, 99% used [0x00000000f7900000,0x00000000f8cfefb0,0x00000000f8d00000)
  to   space 27648K, 0% used [0x00000000fd100000,0x00000000fd100000,0x00000000fec00000)
 ParOldGen       total 83968K, used 52778K [0x00000000c3e00000, 0x00000000c9000000, 0x00000000ebf80000)
  object space 83968K, 62% used [0x00000000c3e00000,0x00000000c718a8f0,0x00000000c9000000)
 Metaspace       used 40737K, capacity 41072K, committed 41520K, reserved 1085440K
  class space    used 5219K, capacity 5335K, committed 5424K, reserved 1048576K
}
Event: 23.363 GC heap before
{Heap before GC invocations=18 (full 2):
 PSYoungGen      total 210432K, used 156523K [0x00000000ebf80000, 0x00000000fec00000, 0x0000000100000000)
  eden space 189952K, 71% used [0x00000000ebf80000,0x00000000f445bc50,0x00000000f7900000)
  from space 20480K, 99% used [0x00000000f7900000,0x00000000f8cfefb0,0x00000000f8d00000)
  to   space 27648K, 0% used [0x00000000fd100000,0x00000000fd100000,0x00000000fec00000)
 ParOldGen       total 83968K, used 52778K [0x00000000c3e00000, 0x00000000c9000000, 0x00000000ebf80000)
  object space 83968K, 62% used [0x00000000c3e00000,0x00000000c718a8f0,0x00000000c9000000)
 Metaspace       used 53607K, capacity 53998K, committed 54268K, reserved 1095680K
  class space    used 6974K, capacity 7100K, committed 7164K, reserved 1048576K
Event: 23.445 GC heap after
Heap after GC invocations=18 (full 2):
 PSYoungGen      total 280064K, used 14959K [0x00000000ebf80000, 0x00000000fec80000, 0x0000000100000000)
  eden space 252416K, 0% used [0x00000000ebf80000,0x00000000ebf80000,0x00000000fb600000)
  from space 27648K, 54% used [0x00000000fd100000,0x00000000fdf9bc90,0x00000000fec00000)
  to   space 27648K, 0% used [0x00000000fb600000,0x00000000fb600000,0x00000000fd100000)
 ParOldGen       total 83968K, used 55599K [0x00000000c3e00000, 0x00000000c9000000, 0x00000000ebf80000)
  object space 83968K, 66% used [0x00000000c3e00000,0x00000000c744bcd0,0x00000000c9000000)
 Metaspace       used 53607K, capacity 53998K, committed 54268K, reserved 1095680K
  class space    used 6974K, capacity 7100K, committed 7164K, reserved 1048576K
}
Event: 23.445 GC heap before
{Heap before GC invocations=19 (full 3):
 PSYoungGen      total 280064K, used 14959K [0x00000000ebf80000, 0x00000000fec80000, 0x0000000100000000)
  eden space 252416K, 0% used [0x00000000ebf80000,0x00000000ebf80000,0x00000000fb600000)
  from space 27648K, 54% used [0x00000000fd100000,0x00000000fdf9bc90,0x00000000fec00000)
  to   space 27648K, 0% used [0x00000000fb600000,0x00000000fb600000,0x00000000fd100000)
 ParOldGen       total 83968K, used 55599K [0x00000000c3e00000, 0x00000000c9000000, 0x00000000ebf80000)
  object space 83968K, 66% used [0x00000000c3e00000,0x00000000c744bcd0,0x00000000c9000000)
 Metaspace       used 53607K, capacity 53998K, committed 54268K, reserved 1095680K
  class space    used 6974K, capacity 7100K, committed 7164K, reserved 1048576K
Event: 23.709 GC heap after
Heap after GC invocations=19 (full 3):
 PSYoungGen      total 280064K, used 0K [0x00000000ebf80000, 0x00000000fec80000, 0x0000000100000000)
  eden space 252416K, 0% used [0x00000000ebf80000,0x00000000ebf80000,0x00000000fb600000)
  from space 27648K, 0% used [0x00000000fd100000,0x00000000fd100000,0x00000000fec00000)
  to   space 27648K, 0% used [0x00000000fb600000,0x00000000fb600000,0x00000000fd100000)
 ParOldGen       total 87552K, used 35469K [0x00000000c3e00000, 0x00000000c9380000, 0x00000000ebf80000)
  object space 87552K, 40% used [0x00000000c3e00000,0x00000000c60a3618,0x00000000c9380000)
 Metaspace       used 53607K, capacity 53998K, committed 54268K, reserved 1095680K
  class space    used 6974K, capacity 7100K, committed 7164K, reserved 1048576K
}
Event: 78.855 GC heap before
{Heap before GC invocations=20 (full 3):
 PSYoungGen      total 280064K, used 252416K [0x00000000ebf80000, 0x00000000fec80000, 0x0000000100000000)
  eden space 252416K, 100% used [0x00000000ebf80000,0x00000000fb600000,0x00000000fb600000)
  from space 27648K, 0% used [0x00000000fd100000,0x00000000fd100000,0x00000000fec00000)
  to   space 27648K, 0% used [0x00000000fb600000,0x00000000fb600000,0x00000000fd100000)
 ParOldGen       total 87552K, used 35469K [0x00000000c3e00000, 0x00000000c9380000, 0x00000000ebf80000)
  object space 87552K, 40% used [0x00000000c3e00000,0x00000000c60a3618,0x00000000c9380000)
 Metaspace       used 65379K, capacity 65806K, committed 66300K, reserved 1107968K
  class space    used 8495K, capacity 8631K, committed 8700K, reserved 1048576K
Event: 78.911 GC heap after
Heap after GC invocations=20 (full 3):
 PSYoungGen      total 280064K, used 19114K [0x00000000ebf80000, 0x0000000100000000, 0x0000000100000000)
  eden space 252416K, 0% used [0x00000000ebf80000,0x00000000ebf80000,0x00000000fb600000)
  from space 27648K, 69% used [0x00000000fb600000,0x00000000fc8aaaa0,0x00000000fd100000)
  to   space 29184K, 0% used [0x00000000fe380000,0x00000000fe380000,0x0000000100000000)
 ParOldGen       total 87552K, used 35477K [0x00000000c3e00000, 0x00000000c9380000, 0x00000000ebf80000)
  object space 87552K, 40% used [0x00000000c3e00000,0x00000000c60a5618,0x00000000c9380000)
 Metaspace       used 65379K, capacity 65806K, committed 66300K, reserved 1107968K
  class space    used 8495K, capacity 8631K, committed 8700K, reserved 1048576K
}

